<?xml version="1.0" encoding="UTF-8"?>
<!-- Generated by org.testng.reporters.JUnitXMLReporter -->
<testsuite hostname="LAPTOP-4E2UIBNO" ignored="0" name="Test" tests="4" failures="0" timestamp="2022-08-30T23:27:05 IST" time="6.743" errors="0">
  <testcase name="launchGoogle1" time="5.013" classname="TestNGPackage.Class4"/>
  <testcase name="launchGoogle1" time="6.101" classname="TestNGPackage.Class1"/>
  <testcase name="launchGoogle1" time="6.277" classname="TestNGPackage.Class3"/>
  <testcase name="launchGoogle1" time="6.715" classname="TestNGPackage.Class2"/>
</testsuite> <!-- Test -->
